{"numTotalTestSuites":21,"numPassedTestSuites":17,"numFailedTestSuites":4,"numPendingTestSuites":0,"numTotalTests":50,"numPassedTests":48,"numFailedTests":2,"numPendingTests":0,"numTodoTests":0,"snapshot":{"added":0,"failure":false,"filesAdded":0,"filesRemoved":0,"filesRemovedList":[],"filesUnmatched":0,"filesUpdated":0,"matched":0,"total":0,"unchecked":0,"uncheckedKeysByFile":[],"unmatched":0,"updated":0,"didUpdate":false},"startTime":1754688051176,"success":false,"testResults":[{"assertionResults":[{"ancestorTitles":["Products API","validateProductForAPI"],"fullName":"Products API validateProductForAPI should validate complete product data successfully","status":"passed","title":"should validate complete product data successfully","duration":3.473647000000028,"failureMessages":[],"meta":{}},{"ancestorTitles":["Products API","validateProductForAPI"],"fullName":"Products API validateProductForAPI should detect missing required fields","status":"passed","title":"should detect missing required fields","duration":0.5379619999998795,"failureMessages":[],"meta":{}},{"ancestorTitles":["Products API","validateProductForAPI"],"fullName":"Products API validateProductForAPI should validate price field formats","status":"passed","title":"should validate price field formats","duration":0.6962069999999585,"failureMessages":[],"meta":{}},{"ancestorTitles":["Products API","validateProductForAPI"],"fullName":"Products API validateProductForAPI should validate URL formats","status":"passed","title":"should validate URL formats","duration":0.43331399999988207,"failureMessages":[],"meta":{}},{"ancestorTitles":["Products API","validateProductForAPI"],"fullName":"Products API validateProductForAPI should handle string prices and convert them","status":"passed","title":"should handle string prices and convert them","duration":0.4408129999999346,"failureMessages":[],"meta":{}},{"ancestorTitles":["Products API","validateProductForAPI"],"fullName":"Products API validateProductForAPI should accept empty optional fields","status":"passed","title":"should accept empty optional fields","duration":0.3625930000000608,"failureMessages":[],"meta":{}},{"ancestorTitles":["Products API","batchCreateProducts"],"fullName":"Products API batchCreateProducts should return error for empty products array","status":"passed","title":"should return error for empty products array","duration":0.6911909999998898,"failureMessages":[],"meta":{}},{"ancestorTitles":["Products API","batchCreateProducts"],"fullName":"Products API batchCreateProducts should return error for batch size exceeding limit","status":"passed","title":"should return error for batch size exceeding limit","duration":0.4207129999999779,"failureMessages":[],"meta":{}},{"ancestorTitles":["Products API","batchCreateProducts"],"fullName":"Products API batchCreateProducts should return error when user is not authenticated","status":"passed","title":"should return error when user is not authenticated","duration":0.6316349999999602,"failureMessages":[],"meta":{}},{"ancestorTitles":["Products API","batchCreateProducts"],"fullName":"Products API batchCreateProducts should successfully process valid products with authenticated user","status":"passed","title":"should successfully process valid products with authenticated user","duration":1.6114790000001449,"failureMessages":[],"meta":{}},{"ancestorTitles":["Products API","batchCreateProducts"],"fullName":"Products API batchCreateProducts should handle validation errors and return partial success","status":"passed","title":"should handle validation errors and return partial success","duration":0.9733260000000428,"failureMessages":[],"meta":{}},{"ancestorTitles":["Products API","batchCreateProducts"],"fullName":"Products API batchCreateProducts should call progress callback during processing","status":"passed","title":"should call progress callback during processing","duration":1.4156780000000708,"failureMessages":[],"meta":{}},{"ancestorTitles":["Products API","batchCreateProducts"],"fullName":"Products API batchCreateProducts should add audit fields to products","status":"passed","title":"should add audit fields to products","duration":2.87704500000018,"failureMessages":[],"meta":{}},{"ancestorTitles":["Products API","batchCreateProducts"],"fullName":"Products API batchCreateProducts should handle database errors gracefully","status":"passed","title":"should handle database errors gracefully","duration":0.44903100000010454,"failureMessages":[],"meta":{}}],"startTime":1754688052886,"endTime":1754688052901.449,"status":"passed","message":"","name":"/home/aaron-cp-laptop/software-projects/volteus-cp-tool-v03_08.05.25/__tests__/api/products.test.ts"},{"assertionResults":[{"ancestorTitles":["Enhanced Product CSV Parser","parseProductCSV"],"fullName":"Enhanced Product CSV Parser parseProductCSV should parse valid CSV content successfully","status":"passed","title":"should parse valid CSV content successfully","duration":7.9796910000000025,"failureMessages":[],"meta":{}},{"ancestorTitles":["Enhanced Product CSV Parser","parseProductCSV"],"fullName":"Enhanced Product CSV Parser parseProductCSV should handle empty optional fields correctly","status":"passed","title":"should handle empty optional fields correctly","duration":1.638928000000078,"failureMessages":[],"meta":{}},{"ancestorTitles":["Enhanced Product CSV Parser","parseProductCSV"],"fullName":"Enhanced Product CSV Parser parseProductCSV should handle various price formats","status":"passed","title":"should handle various price formats","duration":1.9716719999998986,"failureMessages":[],"meta":{}},{"ancestorTitles":["Enhanced Product CSV Parser","parseProductCSV"],"fullName":"Enhanced Product CSV Parser parseProductCSV should detect duplicate Product IDs within import","status":"passed","title":"should detect duplicate Product IDs within import","duration":0.8360969999998815,"failureMessages":[],"meta":{}},{"ancestorTitles":["Enhanced Product CSV Parser","parseProductCSV"],"fullName":"Enhanced Product CSV Parser parseProductCSV should handle empty CSV content","status":"passed","title":"should handle empty CSV content","duration":1.3064950000000408,"failureMessages":[],"meta":{}},{"ancestorTitles":["Enhanced Product CSV Parser","parseProductCSV"],"fullName":"Enhanced Product CSV Parser parseProductCSV should handle CSV with only headers","status":"passed","title":"should handle CSV with only headers","duration":1.0655340000000706,"failureMessages":[],"meta":{}},{"ancestorTitles":["Enhanced Product CSV Parser","parseProductCSV"],"fullName":"Enhanced Product CSV Parser parseProductCSV should handle BOM characters","status":"passed","title":"should handle BOM characters","duration":1.6954880000000685,"failureMessages":[],"meta":{}},{"ancestorTitles":["Enhanced Product CSV Parser","parseProductCSV"],"fullName":"Enhanced Product CSV Parser parseProductCSV should generate summary statistics","status":"passed","title":"should generate summary statistics","duration":1.2220500000000811,"failureMessages":[],"meta":{}},{"ancestorTitles":["Enhanced Product CSV Parser","validateColumnMapping"],"fullName":"Enhanced Product CSV Parser validateColumnMapping should validate correct column headers","status":"passed","title":"should validate correct column headers","duration":0.5884970000001886,"failureMessages":[],"meta":{}},{"ancestorTitles":["Enhanced Product CSV Parser","validateColumnMapping"],"fullName":"Enhanced Product CSV Parser validateColumnMapping should detect missing required columns","status":"passed","title":"should detect missing required columns","duration":2.1702119999999923,"failureMessages":[],"meta":{}},{"ancestorTitles":["Enhanced Product CSV Parser","validateColumnMapping"],"fullName":"Enhanced Product CSV Parser validateColumnMapping should suggest smart column mappings","status":"passed","title":"should suggest smart column mappings","duration":0.821627000000035,"failureMessages":[],"meta":{}},{"ancestorTitles":["Enhanced Product CSV Parser","validateColumnMapping"],"fullName":"Enhanced Product CSV Parser validateColumnMapping should identify unrecognized headers","status":"passed","title":"should identify unrecognized headers","duration":0.3828730000000178,"failureMessages":[],"meta":{}},{"ancestorTitles":["Enhanced Product CSV Parser","Custom Column Mapping"],"fullName":"Enhanced Product CSV Parser Custom Column Mapping should parse CSV with custom column mapping","status":"passed","title":"should parse CSV with custom column mapping","duration":0.7962469999999939,"failureMessages":[],"meta":{}},{"ancestorTitles":["Enhanced Product CSV Parser","Data Validation"],"fullName":"Enhanced Product CSV Parser Data Validation should validate field length constraints","status":"passed","title":"should validate field length constraints","duration":0.8772149999999783,"failureMessages":[],"meta":{}},{"ancestorTitles":["Enhanced Product CSV Parser","Data Validation"],"fullName":"Enhanced Product CSV Parser Data Validation should validate URL formats","status":"passed","title":"should validate URL formats","duration":0.6863639999999123,"failureMessages":[],"meta":{}},{"ancestorTitles":["Enhanced Product CSV Parser","Data Validation"],"fullName":"Enhanced Product CSV Parser Data Validation should validate price formats","status":"passed","title":"should validate price formats","duration":0.37966099999994185,"failureMessages":[],"meta":{}},{"ancestorTitles":["Enhanced Product CSV Parser","Data Validation"],"fullName":"Enhanced Product CSV Parser Data Validation should require all mandatory fields","status":"passed","title":"should require all mandatory fields","duration":0.4263710000000174,"failureMessages":[],"meta":{}},{"ancestorTitles":["Enhanced Product CSV Parser","Edge Cases"],"fullName":"Enhanced Product CSV Parser Edge Cases should handle special characters in CSV data","status":"passed","title":"should handle special characters in CSV data","duration":0.4528189999998631,"failureMessages":[],"meta":{}},{"ancestorTitles":["Enhanced Product CSV Parser","Edge Cases"],"fullName":"Enhanced Product CSV Parser Edge Cases should handle extremely long descriptions gracefully","status":"passed","title":"should handle extremely long descriptions gracefully","duration":0.3650679999998374,"failureMessages":[],"meta":{}},{"ancestorTitles":["Enhanced Product CSV Parser","Edge Cases"],"fullName":"Enhanced Product CSV Parser Edge Cases should handle mixed line endings","status":"passed","title":"should handle mixed line endings","duration":0.4433160000000953,"failureMessages":[],"meta":{}},{"ancestorTitles":["Enhanced Product CSV Parser","Performance"],"fullName":"Enhanced Product CSV Parser Performance should handle reasonably large datasets efficiently","status":"passed","title":"should handle reasonably large datasets efficiently","duration":6.638607000000093,"failureMessages":[],"meta":{}}],"startTime":1754688052897,"endTime":1754688052931.6387,"status":"passed","message":"","name":"/home/aaron-cp-laptop/software-projects/volteus-cp-tool-v03_08.05.25/__tests__/csv/product-csv-parser.test.ts"},{"assertionResults":[{"ancestorTitles":["Import Logger","startImport"],"fullName":"Import Logger startImport should create a new import log with unique ID","status":"passed","title":"should create a new import log with unique ID","duration":3.5852850000001126,"failureMessages":[],"meta":{}},{"ancestorTitles":["Import Logger","startImport"],"fullName":"Import Logger startImport should store initial import data","status":"failed","title":"should store initial import data","duration":10.993747999999869,"failureMessages":["AssertionError: expected undefined to deeply equal [ 'PROD001', 'TestBrand', 'Audio' ]\n    at /home/aaron-cp-laptop/software-projects/volteus-cp-tool-v03_08.05.25/__tests__/lib/import-logger.test.ts:47:33\n    at file:///home/aaron-cp-laptop/software-projects/volteus-cp-tool-v03_08.05.25/node_modules/@vitest/runner/dist/chunk-hooks.js:155:11\n    at file:///home/aaron-cp-laptop/software-projects/volteus-cp-tool-v03_08.05.25/node_modules/@vitest/runner/dist/chunk-hooks.js:752:26\n    at file:///home/aaron-cp-laptop/software-projects/volteus-cp-tool-v03_08.05.25/node_modules/@vitest/runner/dist/chunk-hooks.js:1897:20\n    at new Promise (<anonymous>)\n    at runWithTimeout (file:///home/aaron-cp-laptop/software-projects/volteus-cp-tool-v03_08.05.25/node_modules/@vitest/runner/dist/chunk-hooks.js:1863:10)\n    at runTest (file:///home/aaron-cp-laptop/software-projects/volteus-cp-tool-v03_08.05.25/node_modules/@vitest/runner/dist/chunk-hooks.js:1574:12)\n    at processTicksAndRejections (node:internal/process/task_queues:105:5)\n    at runSuite (file:///home/aaron-cp-laptop/software-projects/volteus-cp-tool-v03_08.05.25/node_modules/@vitest/runner/dist/chunk-hooks.js:1729:8)\n    at runSuite (file:///home/aaron-cp-laptop/software-projects/volteus-cp-tool-v03_08.05.25/node_modules/@vitest/runner/dist/chunk-hooks.js:1729:8)"],"meta":{}},{"ancestorTitles":["Import Logger","logDataMapping"],"fullName":"Import Logger logDataMapping should log column mapping information","status":"passed","title":"should log column mapping information","duration":0.9345509999998285,"failureMessages":[],"meta":{}},{"ancestorTitles":["Import Logger","logDataMapping"],"fullName":"Import Logger logDataMapping should handle mapping issues","status":"passed","title":"should handle mapping issues","duration":0.7209069999998974,"failureMessages":[],"meta":{}},{"ancestorTitles":["Import Logger","logImportResult"],"fullName":"Import Logger logImportResult should log successful import results","status":"passed","title":"should log successful import results","duration":0.7723670000000311,"failureMessages":[],"meta":{}},{"ancestorTitles":["Import Logger","logImportResult"],"fullName":"Import Logger logImportResult should determine status correctly","status":"passed","title":"should determine status correctly","duration":0.574102000000039,"failureMessages":[],"meta":{}},{"ancestorTitles":["Import Logger","Log Retention (10 logs)"],"fullName":"Import Logger Log Retention (10 logs) should keep only the last 10 logs","status":"failed","title":"should keep only the last 10 logs","duration":5.757434999999987,"failureMessages":["AssertionError: expected [ 'test-15.csv', 'test-15.csv', …(8) ] to include 'test-6.csv'\n    at Proxy.<anonymous> (file:///home/aaron-cp-laptop/software-projects/volteus-cp-tool-v03_08.05.25/node_modules/@vitest/expect/dist/index.js:1191:15)\n    at Proxy.<anonymous> (file:///home/aaron-cp-laptop/software-projects/volteus-cp-tool-v03_08.05.25/node_modules/@vitest/expect/dist/index.js:1029:14)\n    at Proxy.methodWrapper (file:///home/aaron-cp-laptop/software-projects/volteus-cp-tool-v03_08.05.25/node_modules/chai/chai.js:1706:25)\n    at /home/aaron-cp-laptop/software-projects/volteus-cp-tool-v03_08.05.25/__tests__/lib/import-logger.test.ts:180:25\n    at file:///home/aaron-cp-laptop/software-projects/volteus-cp-tool-v03_08.05.25/node_modules/@vitest/runner/dist/chunk-hooks.js:155:11\n    at file:///home/aaron-cp-laptop/software-projects/volteus-cp-tool-v03_08.05.25/node_modules/@vitest/runner/dist/chunk-hooks.js:752:26\n    at file:///home/aaron-cp-laptop/software-projects/volteus-cp-tool-v03_08.05.25/node_modules/@vitest/runner/dist/chunk-hooks.js:1897:20\n    at new Promise (<anonymous>)\n    at runWithTimeout (file:///home/aaron-cp-laptop/software-projects/volteus-cp-tool-v03_08.05.25/node_modules/@vitest/runner/dist/chunk-hooks.js:1863:10)\n    at runTest (file:///home/aaron-cp-laptop/software-projects/volteus-cp-tool-v03_08.05.25/node_modules/@vitest/runner/dist/chunk-hooks.js:1574:12)"],"meta":{}},{"ancestorTitles":["Import Logger","getAllLogs"],"fullName":"Import Logger getAllLogs should return empty array when no logs exist","status":"passed","title":"should return empty array when no logs exist","duration":0.4499660000001313,"failureMessages":[],"meta":{}},{"ancestorTitles":["Import Logger","getAllLogs"],"fullName":"Import Logger getAllLogs should return logs in reverse chronological order","status":"passed","title":"should return logs in reverse chronological order","duration":1.3222880000000714,"failureMessages":[],"meta":{}},{"ancestorTitles":["Import Logger","getLastImportId"],"fullName":"Import Logger getLastImportId should return null when no imports exist","status":"passed","title":"should return null when no imports exist","duration":0.4815519999999651,"failureMessages":[],"meta":{}},{"ancestorTitles":["Import Logger","getLastImportId"],"fullName":"Import Logger getLastImportId should return the ID of the most recent import","status":"passed","title":"should return the ID of the most recent import","duration":0.5560700000000907,"failureMessages":[],"meta":{}},{"ancestorTitles":["Import Logger","Edge Cases"],"fullName":"Import Logger Edge Cases should handle malformed localStorage data gracefully","status":"passed","title":"should handle malformed localStorage data gracefully","duration":0.6480810000000474,"failureMessages":[],"meta":{}},{"ancestorTitles":["Import Logger","Edge Cases"],"fullName":"Import Logger Edge Cases should handle missing required fields gracefully","status":"passed","title":"should handle missing required fields gracefully","duration":0.395813999999973,"failureMessages":[],"meta":{}},{"ancestorTitles":["Import Logger","Edge Cases"],"fullName":"Import Logger Edge Cases should handle very large error arrays","status":"passed","title":"should handle very large error arrays","duration":1.7663699999998244,"failureMessages":[],"meta":{}},{"ancestorTitles":["Import Logger","Edge Cases"],"fullName":"Import Logger Edge Cases should handle Unicode characters in filenames and data","status":"passed","title":"should handle Unicode characters in filenames and data","duration":0.5209409999999934,"failureMessages":[],"meta":{}}],"startTime":1754688052885,"endTime":1754688052915.7664,"status":"failed","message":"","name":"/home/aaron-cp-laptop/software-projects/volteus-cp-tool-v03_08.05.25/__tests__/lib/import-logger.test.ts"}]}
